# JRE version: OpenJDK Runtime Environment (17.0.6) (build 17.0.6+0-b2043.56-9586694)
# Java VM: OpenJDK 64-Bit Server VM (17.0.6+0-b2043.56-9586694, mixed mode, tiered, compressed oops, compressed class ptrs, g1 gc, windows-amd64)
GC Precious Log:
 CPUs: 16 total, 16 available
 Memory: 16085M
 Large Page Support: Disabled
 NUMA Support: Disabled
 Compressed Oops: Enabled (32-bit)
 Heap Region Size: 1M
 Heap Min Capacity: 8M
 Heap Initial Capacity: 252M
 Heap Max Capacity: 2G
 Pre-touch: Disabled
 Parallel Workers: 13
 Concurrent Workers: 3
 Concurrent Refinement Workers: 13
 Periodic GC: Disabled
Heap:
 garbage-first heap   total 258048K, used 87345K [0x0000000080000000, 0x0000000100000000)
  region size 1024K, 1 young (1024K), 1 survivors (1024K)
 Metaspace       used 88911K, committed 89600K, reserved 1130496K
  class space    used 12126K, committed 12480K, reserved 1048576K
GC Heap History (20 events):
Event: 3.977 GC heap after
{Heap after GC invocations=27 (full 0):
 garbage-first heap   total 134144K, used 61018K [0x0000000080000000, 0x0000000100000000)
  region size 1024K, 3 young (3072K), 3 survivors (3072K)
 Metaspace       used 70506K, committed 71040K, reserved 1114112K
  class space    used 9222K, committed 9472K, reserved 1048576K
}
Event: 4.292 GC heap before
{Heap before GC invocations=28 (full 0):
 garbage-first heap   total 134144K, used 101978K [0x0000000080000000, 0x0000000100000000)
  region size 1024K, 43 young (44032K), 3 survivors (3072K)
 Metaspace       used 75391K, committed 75968K, reserved 1122304K
  class space    used 10109K, committed 10368K, reserved 1048576K
}
Event: 4.294 GC heap after
{Heap after GC invocations=29 (full 0):
 garbage-first heap   total 134144K, used 63061K [0x0000000080000000, 0x0000000100000000)
  region size 1024K, 5 young (5120K), 5 survivors (5120K)
 Metaspace       used 75391K, committed 75968K, reserved 1122304K
  class space    used 10109K, committed 10368K, reserved 1048576K
}
Event: 4.297 GC heap before
{Heap before GC invocations=29 (full 0):
 garbage-first heap   total 134144K, used 64085K [0x0000000080000000, 0x0000000100000000)
  region size 1024K, 6 young (6144K), 5 survivors (5120K)
 Metaspace       used 75394K, committed 75968K, reserved 1122304K
  class space    used 10111K, committed 10368K, reserved 1048576K
}
Event: 4.299 GC heap after
{Heap after GC invocations=30 (full 0):
 garbage-first heap   total 134144K, used 63510K [0x0000000080000000, 0x0000000100000000)
  region size 1024K, 1 young (1024K), 1 survivors (1024K)
 Metaspace       used 75394K, committed 75968K, reserved 1122304K
  class space    used 10111K, committed 10368K, reserved 1048576K
}
Event: 4.526 GC heap before
{Heap before GC invocations=30 (full 0):
 garbage-first heap   total 134144K, used 105494K [0x0000000080000000, 0x0000000100000000)
  region size 1024K, 42 young (43008K), 1 survivors (1024K)
 Metaspace       used 76824K, committed 77376K, reserved 1122304K
  class space    used 10324K, committed 10560K, reserved 1048576K
}
Event: 4.529 GC heap after
{Heap after GC invocations=31 (full 0):
 garbage-first heap   total 134144K, used 67046K [0x0000000080000000, 0x0000000100000000)
  region size 1024K, 5 young (5120K), 5 survivors (5120K)
 Metaspace       used 76824K, committed 77376K, reserved 1122304K
  class space    used 10324K, committed 10560K, reserved 1048576K
}
Event: 4.804 GC heap before
{Heap before GC invocations=32 (full 0):
 garbage-first heap   total 134144K, used 105958K [0x0000000080000000, 0x0000000100000000)
  region size 1024K, 43 young (44032K), 5 survivors (5120K)
 Metaspace       used 80935K, committed 81536K, reserved 1122304K
  class space    used 10970K, committed 11200K, reserved 1048576K
}
Event: 4.806 GC heap after
{Heap after GC invocations=33 (full 0):
 garbage-first heap   total 134144K, used 69590K [0x0000000080000000, 0x0000000100000000)
  region size 1024K, 3 young (3072K), 3 survivors (3072K)
 Metaspace       used 80935K, committed 81536K, reserved 1122304K
  class space    used 10970K, committed 11200K, reserved 1048576K
}
Event: 4.843 GC heap before
{Heap before GC invocations=33 (full 0):
 garbage-first heap   total 134144K, used 71638K [0x0000000080000000, 0x0000000100000000)
  region size 1024K, 6 young (6144K), 3 survivors (3072K)
 Metaspace       used 82275K, committed 82880K, reserved 1122304K
  class space    used 11126K, committed 11392K, reserved 1048576K
}
Event: 4.844 GC heap after
{Heap after GC invocations=34 (full 0):
 garbage-first heap   total 134144K, used 69609K [0x0000000080000000, 0x0000000100000000)
  region size 1024K, 1 young (1024K), 1 survivors (1024K)
 Metaspace       used 82275K, committed 82880K, reserved 1122304K
  class space    used 11126K, committed 11392K, reserved 1048576K
}
Event: 5.034 GC heap before
{Heap before GC invocations=34 (full 0):
 garbage-first heap   total 134144K, used 107497K [0x0000000080000000, 0x0000000100000000)
  region size 1024K, 38 young (38912K), 1 survivors (1024K)
 Metaspace       used 84104K, committed 84736K, reserved 1122304K
  class space    used 11375K, committed 11648K, reserved 1048576K
}
Event: 5.036 GC heap after
{Heap after GC invocations=35 (full 0):
 garbage-first heap   total 134144K, used 73452K [0x0000000080000000, 0x0000000100000000)
  region size 1024K, 5 young (5120K), 5 survivors (5120K)
 Metaspace       used 84104K, committed 84736K, reserved 1122304K
  class space    used 11375K, committed 11648K, reserved 1048576K
}
Event: 5.162 GC heap before
{Heap before GC invocations=36 (full 0):
 garbage-first heap   total 140288K, used 107244K [0x0000000080000000, 0x0000000100000000)
  region size 1024K, 39 young (39936K), 5 survivors (5120K)
 Metaspace       used 84632K, committed 85248K, reserved 1122304K
  class space    used 11418K, committed 11712K, reserved 1048576K
}
Event: 5.165 GC heap after
{Heap after GC invocations=37 (full 0):
 garbage-first heap   total 140288K, used 80385K [0x0000000080000000, 0x0000000100000000)
  region size 1024K, 5 young (5120K), 5 survivors (5120K)
 Metaspace       used 84632K, committed 85248K, reserved 1122304K
  class space    used 11418K, committed 11712K, reserved 1048576K
}
Event: 5.491 GC heap before
{Heap before GC invocations=37 (full 0):
 garbage-first heap   total 140288K, used 111105K [0x0000000080000000, 0x0000000100000000)
  region size 1024K, 36 young (36864K), 5 survivors (5120K)
 Metaspace       used 87982K, committed 88640K, reserved 1130496K
  class space    used 11882K, committed 12224K, reserved 1048576K
}
Event: 5.494 GC heap after
{Heap after GC invocations=38 (full 0):
 garbage-first heap   total 140288K, used 84965K [0x0000000080000000, 0x0000000100000000)
  region size 1024K, 5 young (5120K), 5 survivors (5120K)
 Metaspace       used 87982K, committed 88640K, reserved 1130496K
  class space    used 11882K, committed 12224K, reserved 1048576K
}
Event: 5.570 GC heap before
{Heap before GC invocations=39 (full 0):
 garbage-first heap   total 162816K, used 112613K [0x0000000080000000, 0x0000000100000000)
  region size 1024K, 33 young (33792K), 5 survivors (5120K)
 Metaspace       used 88888K, committed 89600K, reserved 1130496K
  class space    used 12126K, committed 12480K, reserved 1048576K
}
Event: 5.572 GC heap after
{Heap after GC invocations=40 (full 0):
 garbage-first heap   total 162816K, used 87282K [0x0000000080000000, 0x0000000100000000)
  region size 1024K, 3 young (3072K), 3 survivors (3072K)
 Metaspace       used 88888K, committed 89600K, reserved 1130496K
  class space    used 12126K, committed 12480K, reserved 1048576K
}
Event: 5.579 GC heap before
{Heap before GC invocations=40 (full 0):
 garbage-first heap   total 162816K, used 90354K [0x0000000080000000, 0x0000000100000000)
  region size 1024K, 7 young (7168K), 3 survivors (3072K)
 Metaspace       used 88911K, committed 89600K, reserved 1130496K
  class space    used 12126K, committed 12480K, reserved 1048576K
}

