# JRE version: OpenJDK Runtime Environment (17.0.6) (build 17.0.6+0-b2043.56-9586694)
# Java VM: OpenJDK 64-Bit Server VM (17.0.6+0-b2043.56-9586694, mixed mode, tiered, compressed oops, compressed class ptrs, g1 gc, windows-amd64)
GC Precious Log:
 CPUs: 16 total, 16 available
 Memory: 16085M
 Large Page Support: Disabled
 NUMA Support: Disabled
 Compressed Oops: Enabled (32-bit)
 Heap Region Size: 1M
 Heap Min Capacity: 8M
 Heap Initial Capacity: 252M
 Heap Max Capacity: 2G
 Pre-touch: Disabled
 Parallel Workers: 13
 Concurrent Workers: 3
 Concurrent Refinement Workers: 13
 Periodic GC: Disabled
Heap:
 garbage-first heap   total 218112K, used 173056K [0x0000000080000000, 0x0000000100000000)
  region size 1024K, 73 young (74752K), 10 survivors (10240K)
 Metaspace       used 99154K, committed 99904K, reserved 1138688K
  class space    used 13786K, committed 14080K, reserved 1048576K
GC Heap History (20 events):
Event: 4.510 GC heap before
{Heap before GC invocations=21 (full 0):
 garbage-first heap   total 181248K, used 135757K [0x0000000080000000, 0x0000000100000000)
  region size 1024K, 88 young (90112K), 11 survivors (11264K)
 Metaspace       used 75450K, committed 76032K, reserved 1122304K
  class space    used 10100K, committed 10368K, reserved 1048576K
}
Event: 4.515 GC heap after
{Heap after GC invocations=22 (full 0):
 garbage-first heap   total 181248K, used 62880K [0x0000000080000000, 0x0000000100000000)
  region size 1024K, 6 young (6144K), 6 survivors (6144K)
 Metaspace       used 75450K, committed 76032K, reserved 1122304K
  class space    used 10100K, committed 10368K, reserved 1048576K
}
Event: 5.036 GC heap before
{Heap before GC invocations=22 (full 0):
 garbage-first heap   total 181248K, used 139680K [0x0000000080000000, 0x0000000100000000)
  region size 1024K, 81 young (82944K), 6 survivors (6144K)
 Metaspace       used 82413K, committed 82944K, reserved 1122304K
  class space    used 11123K, committed 11328K, reserved 1048576K
}
Event: 5.040 GC heap after
{Heap after GC invocations=23 (full 0):
 garbage-first heap   total 181248K, used 68608K [0x0000000080000000, 0x0000000100000000)
  region size 1024K, 11 young (11264K), 11 survivors (11264K)
 Metaspace       used 82413K, committed 82944K, reserved 1122304K
  class space    used 11123K, committed 11328K, reserved 1048576K
}
Event: 5.389 GC heap before
{Heap before GC invocations=23 (full 0):
 garbage-first heap   total 181248K, used 142336K [0x0000000080000000, 0x0000000100000000)
  region size 1024K, 83 young (84992K), 11 survivors (11264K)
 Metaspace       used 84917K, committed 85504K, reserved 1130496K
  class space    used 11425K, committed 11712K, reserved 1048576K
}
Event: 5.396 GC heap after
{Heap after GC invocations=24 (full 0):
 garbage-first heap   total 181248K, used 80523K [0x0000000080000000, 0x0000000100000000)
  region size 1024K, 11 young (11264K), 11 survivors (11264K)
 Metaspace       used 84917K, committed 85504K, reserved 1130496K
  class space    used 11425K, committed 11712K, reserved 1048576K
}
Event: 5.718 GC heap before
{Heap before GC invocations=24 (full 0):
 garbage-first heap   total 181248K, used 140939K [0x0000000080000000, 0x0000000100000000)
  region size 1024K, 71 young (72704K), 11 survivors (11264K)
 Metaspace       used 88993K, committed 89728K, reserved 1130496K
  class space    used 12134K, committed 12480K, reserved 1048576K
}
Event: 5.724 GC heap after
{Heap after GC invocations=25 (full 0):
 garbage-first heap   total 181248K, used 87461K [0x0000000080000000, 0x0000000100000000)
  region size 1024K, 6 young (6144K), 6 survivors (6144K)
 Metaspace       used 88993K, committed 89728K, reserved 1130496K
  class space    used 12134K, committed 12480K, reserved 1048576K
}
Event: 5.870 GC heap before
{Heap before GC invocations=25 (full 0):
 garbage-first heap   total 181248K, used 142757K [0x0000000080000000, 0x0000000100000000)
  region size 1024K, 61 young (62464K), 6 survivors (6144K)
 Metaspace       used 89491K, committed 90176K, reserved 1130496K
  class space    used 12154K, committed 12480K, reserved 1048576K
}
Event: 5.873 GC heap after
{Heap after GC invocations=26 (full 0):
 garbage-first heap   total 181248K, used 91236K [0x0000000080000000, 0x0000000100000000)
  region size 1024K, 5 young (5120K), 5 survivors (5120K)
 Metaspace       used 89491K, committed 90176K, reserved 1130496K
  class space    used 12154K, committed 12480K, reserved 1048576K
}
Event: 6.070 GC heap before
{Heap before GC invocations=27 (full 0):
 garbage-first heap   total 181248K, used 145508K [0x0000000080000000, 0x0000000100000000)
  region size 1024K, 58 young (59392K), 5 survivors (5120K)
 Metaspace       used 89866K, committed 90560K, reserved 1130496K
  class space    used 12200K, committed 12544K, reserved 1048576K
}
Event: 6.073 GC heap after
{Heap after GC invocations=28 (full 0):
 garbage-first heap   total 181248K, used 95083K [0x0000000080000000, 0x0000000100000000)
  region size 1024K, 8 young (8192K), 8 survivors (8192K)
 Metaspace       used 89866K, committed 90560K, reserved 1130496K
  class space    used 12200K, committed 12544K, reserved 1048576K
}
Event: 6.075 GC heap before
{Heap before GC invocations=28 (full 0):
 garbage-first heap   total 181248K, used 95083K [0x0000000080000000, 0x0000000100000000)
  region size 1024K, 9 young (9216K), 8 survivors (8192K)
 Metaspace       used 89866K, committed 90560K, reserved 1130496K
  class space    used 12200K, committed 12544K, reserved 1048576K
}
Event: 6.077 GC heap after
{Heap after GC invocations=29 (full 0):
 garbage-first heap   total 218112K, used 95713K [0x0000000080000000, 0x0000000100000000)
  region size 1024K, 2 young (2048K), 2 survivors (2048K)
 Metaspace       used 89866K, committed 90560K, reserved 1130496K
  class space    used 12200K, committed 12544K, reserved 1048576K
}
Event: 6.278 GC heap before
{Heap before GC invocations=29 (full 0):
 garbage-first heap   total 218112K, used 173537K [0x0000000080000000, 0x0000000100000000)
  region size 1024K, 79 young (80896K), 2 survivors (2048K)
 Metaspace       used 90235K, committed 90944K, reserved 1130496K
  class space    used 12234K, committed 12544K, reserved 1048576K
}
Event: 6.281 GC heap after
{Heap after GC invocations=30 (full 0):
 garbage-first heap   total 218112K, used 99967K [0x0000000080000000, 0x0000000100000000)
  region size 1024K, 6 young (6144K), 6 survivors (6144K)
 Metaspace       used 90235K, committed 90944K, reserved 1130496K
  class space    used 12234K, committed 12544K, reserved 1048576K
}
Event: 6.372 GC heap before
{Heap before GC invocations=30 (full 0):
 garbage-first heap   total 218112K, used 174719K [0x0000000080000000, 0x0000000100000000)
  region size 1024K, 80 young (81920K), 6 survivors (6144K)
 Metaspace       used 90312K, committed 91008K, reserved 1130496K
  class space    used 12236K, committed 12544K, reserved 1048576K
}
Event: 6.375 GC heap after
{Heap after GC invocations=31 (full 0):
 garbage-first heap   total 218112K, used 103747K [0x0000000080000000, 0x0000000100000000)
  region size 1024K, 4 young (4096K), 4 survivors (4096K)
 Metaspace       used 90312K, committed 91008K, reserved 1130496K
  class space    used 12236K, committed 12544K, reserved 1048576K
}
Event: 6.729 GC heap before
{Heap before GC invocations=31 (full 0):
 garbage-first heap   total 218112K, used 183619K [0x0000000080000000, 0x0000000100000000)
  region size 1024K, 77 young (78848K), 4 survivors (4096K)
 Metaspace       used 95306K, committed 96000K, reserved 1138688K
  class space    used 13102K, committed 13440K, reserved 1048576K
}
Event: 6.732 GC heap after
{Heap after GC invocations=32 (full 0):
 garbage-first heap   total 218112K, used 110592K [0x0000000080000000, 0x0000000100000000)
  region size 1024K, 10 young (10240K), 10 survivors (10240K)
 Metaspace       used 95306K, committed 96000K, reserved 1138688K
  class space    used 13102K, committed 13440K, reserved 1048576K
}

